
> movebank@0.1.0 start
> next start

▲ Next.js 16.2.4
- Local:         http://localhost:3000
- Network:       http://10.0.25.188:3000
✓ Ready in 189ms
Failed to fetch studies: Error: Movebank API error: 401
    at g (C:\kerrfolder\movebank\.next\server\chunks\[root-of-the-server]__0d8~2lc._.js:1:1489)
    at async l (C:\kerrfolder\movebank\.next\server\chunks\[root-of-the-server]__0d8~2lc._.js:1:5561)
    at async o (C:\kerrfolder\movebank\.next\server\chunks\[root-of-the-server]__0d8~2lc._.js:1:6602)
    at async Module.C [as handler] (C:\kerrfolder\movebank\.next\server\chunks\[root-of-the-server]__0d8~2lc._.js:1:7709)
Failed to fetch study events: Error: Movebank API error: 401
    at f (C:\kerrfolder\movebank\.next\server\chunks\[root-of-the-server]__0jay4_w._.js:1:1733)
    at async l (C:\kerrfolder\movebank\.next\server\chunks\[root-of-the-server]__0jay4_w._.js:1:5952)
    at async s (C:\kerrfolder\movebank\.next\server\chunks\[root-of-the-server]__0jay4_w._.js:1:6993)
    at async Module.C [as handler] (C:\kerrfolder\movebank\.next\server\chunks\[root-of-the-server]__0jay4_w._.js:1:8100)
Failed to fetch studies: Error: Movebank API error: 401
    at g (C:\kerrfolder\movebank\.next\server\chunks\[root-of-the-server]__0d8~2lc._.js:1:1489)
    at async l (C:\kerrfolder\movebank\.next\server\chunks\[root-of-the-server]__0d8~2lc._.js:1:5561)
    at async o (C:\kerrfolder\movebank\.next\server\chunks\[root-of-the-server]__0d8~2lc._.js:1:6602)
    at async Module.C [as handler] (C:\kerrfolder\movebank\.next\server\chunks\[root-of-the-server]__0d8~2lc._.js:1:7709)

C:\kerrfolder\movebank>